S贸Matheus#5879 (694949148956426348) ran the command creeper in Central Dos Soldados  (869308360804155433) - 8/16/2022, 11:20:15 AM
S贸Matheus#5879 (694949148956426348) ran the command pig in Central Dos Soldados  (869308360804155433) - 8/16/2022, 11:20:27 AM
S贸Matheus#5879 (694949148956426348) ran the command pig in Central Dos Soldados  (869308360804155433) - 8/16/2022, 11:20:33 AM
S贸Matheus#5879 (694949148956426348) ran the command var in Central Dos Soldados  (869308360804155433) - 8/16/2022, 11:20:49 AM
S贸Matheus#5879 (694949148956426348) ran the command var in Central Dos Soldados  (869308360804155433) - 8/16/2022, 11:20:55 AM
S贸Matheus#5879 (694949148956426348) ran the command var in Central Dos Soldados  (869308360804155433) - 8/16/2022, 11:27:59 AM
S贸Matheus#5879 (694949148956426348) ran the command kick in Central Dos Soldados  (869308360804155433) - 8/16/2022, 11:28:12 AM
S贸Matheus#5879 (694949148956426348) ran the command kick in Central Dos Soldados  (869308360804155433) - 8/16/2022, 11:28:17 AM
S贸Matheus#5879 (694949148956426348) ran the command kick in Central Dos Soldados  (869308360804155433) - 8/16/2022, 11:28:22 AM
S贸Matheus#5879 (694949148956426348) ran the command ping in Central Dos Soldados  (869308360804155433) - 8/16/2022, 11:49:51 AM
S贸Matheus#5879 (694949148956426348) ran the command kingBob in Central Dos Soldados  (869308360804155433) - 8/16/2022, 11:50:53 AM
S贸Matheus#5879 (694949148956426348) ran the command kingBob in Central Dos Soldados  (869308360804155433) - 8/16/2022, 11:51:47 AM
S贸Matheus#5879 (694949148956426348) ran the command kingBob in Central Dos Soldados  (869308360804155433) - 8/16/2022, 12:04:53 PM
S贸Matheus#5879 (694949148956426348) ran the command kingBob in Central Dos Soldados  (869308360804155433) - 8/16/2022, 12:05:08 PM
S贸Matheus#5879 (694949148956426348) ran the command kingBob in Central Dos Soldados  (869308360804155433) - 8/16/2022, 12:09:44 PM
S贸Matheus#5879 (694949148956426348) ran the command kingBob in Central Dos Soldados  (869308360804155433) - 8/16/2022, 12:10:11 PM
S贸Matheus#5879 (694949148956426348) ran the command kingBob in Central Dos Soldados  (869308360804155433) - 8/16/2022, 12:11:14 PM
S贸Matheus#5879 (694949148956426348) ran the command kingBob in Central Dos Soldados  (869308360804155433) - 8/16/2022, 12:21:17 PM
S贸Matheus#5879 (694949148956426348) ran the command kingBob in Central Dos Soldados  (869308360804155433) - 8/16/2022, 12:21:37 PM
S贸Matheus#5879 (694949148956426348) ran the command kingBob in Central Dos Soldados  (869308360804155433) - 8/16/2022, 12:22:36 PM
S贸Matheus#5879 (694949148956426348) ran the command kingBob in Central Dos Soldados  (869308360804155433) - 8/16/2022, 12:25:15 PM
S贸Matheus#5879 (694949148956426348) ran the command kingBob in Central Dos Soldados  (869308360804155433) and got Error: Cannot read properties of undefined (reading 'ban') - 8/16/2022, 12:25:17 PM
S贸Matheus#5879 (694949148956426348) ran the command kingBob in Central Dos Soldados  (869308360804155433) - 8/16/2022, 12:27:01 PM
S贸Matheus#5879 (694949148956426348) ran the command kingBob in Central Dos Soldados  (869308360804155433) and got Error: message.guild.members.get is not a function - 8/16/2022, 12:27:02 PM
S贸Matheus#5879 (694949148956426348) ran the command kingBob in Central Dos Soldados  (869308360804155433) - 8/16/2022, 12:28:44 PM
S贸Matheus#5879 (694949148956426348) ran the command kingBob in Central Dos Soldados  (869308360804155433) and got Error: message.guild.members.fetch(...).ban is not a function - 8/16/2022, 12:28:45 PM
S贸Matheus#5879 (694949148956426348) ran the command kingBob in Central Dos Soldados  (869308360804155433) - 8/16/2022, 12:29:15 PM
S贸Matheus#5879 (694949148956426348) ran the command kingBob in Central Dos Soldados  (869308360804155433) and got Error: message.guild.members.fetch(...).first is not a function - 8/16/2022, 12:29:16 PM
S贸Matheus#5879 (694949148956426348) ran the command kingBob in Central Dos Soldados  (869308360804155433) - 8/16/2022, 12:30:46 PM
S贸Matheus#5879 (694949148956426348) ran the command kingBob in Central Dos Soldados  (869308360804155433) and got Error: Missing Permissions - 8/16/2022, 12:30:47 PM
S贸Matheus#5879 (694949148956426348) ran the command kingBob in Central Dos Soldados  (869308360804155433) - 8/16/2022, 12:32:48 PM
S贸Matheus#5879 (694949148956426348) ran the command kingBob in Central Dos Soldados  (869308360804155433) and got Error: Missing Permissions - 8/16/2022, 12:32:49 PM
S贸Matheus#5879 (694949148956426348) ran the command kingBob in Central Dos Soldados  (869308360804155433) - 8/16/2022, 12:33:34 PM
S贸Matheus#5879 (694949148956426348) ran the command kingBob in Central Dos Soldados  (869308360804155433) and got Error: Missing Permissions - 8/16/2022, 12:33:36 PM
S贸Matheus#5879 (694949148956426348) ran the command kingBob in Central Dos Soldados  (869308360804155433) - 8/16/2022, 12:34:41 PM
S贸Matheus#5879 (694949148956426348) ran the command kingBob in Central Dos Soldados  (869308360804155433) and got Error: Missing Permissions - 8/16/2022, 12:34:43 PM
S贸Matheus#5879 (694949148956426348) ran the command kingBob in Central Dos Soldados  (869308360804155433) - 8/16/2022, 12:35:34 PM
S贸Matheus#5879 (694949148956426348) ran the command kingBob in Central Dos Soldados  (869308360804155433) and got Error: print is not defined - 8/16/2022, 12:35:35 PM
S贸Matheus#5879 (694949148956426348) ran the command kingBob in Central Dos Soldados  (869308360804155433) - 8/16/2022, 12:35:50 PM
S贸Matheus#5879 (694949148956426348) ran the command kingBob in Central Dos Soldados  (869308360804155433) and got Error: Missing Permissions - 8/16/2022, 12:35:51 PM
S贸Matheus#5879 (694949148956426348) ran the command kingBob in Central Dos Soldados  (869308360804155433) - 8/16/2022, 12:36:27 PM
S贸Matheus#5879 (694949148956426348) ran the command kingBob in Central Dos Soldados  (869308360804155433) and got Error: Missing Permissions - 8/16/2022, 12:36:28 PM
S贸Matheus#5879 (694949148956426348) ran the command kingBob in Central Dos Soldados  (869308360804155433) - 8/16/2022, 12:36:55 PM
S贸Matheus#5879 (694949148956426348) ran the command kingBob in Central Dos Soldados  (869308360804155433) and got Error: Cannot send an empty message - 8/16/2022, 12:36:57 PM
S贸Matheus#5879 (694949148956426348) ran the command kingBob in Central Dos Soldados  (869308360804155433) - 8/16/2022, 12:37:31 PM
S贸Matheus#5879 (694949148956426348) ran the command kingBob in Central Dos Soldados  (869308360804155433) - 8/16/2022, 12:38:41 PM
S贸Matheus#5879 (694949148956426348) ran the command kingBob in Central Dos Soldados  (869308360804155433) - 8/16/2022, 12:39:14 PM
S贸Matheus#5879 (694949148956426348) ran the command kingBob in Central Dos Soldados  (869308360804155433) - 8/16/2022, 12:42:32 PM
S贸Matheus#5879 (694949148956426348) ran the command kingBob in Central Dos Soldados  (869308360804155433) - 8/16/2022, 12:43:20 PM
matheus 2#9114 (894781316564938763) ran the command kingBob in Central Dos Soldados  (869308360804155433) - 8/16/2022, 12:49:05 PM
matheus 2#9114 (894781316564938763) ran the command kingBob in Central Dos Soldados  (869308360804155433) and got Error: Invalid bitfield flag or number: ADMINISTRATOR. - 8/16/2022, 12:49:16 PM
matheus 2#9114 (894781316564938763) ran the command kingBob in Central Dos Soldados  (869308360804155433) - 8/16/2022, 12:50:41 PM
matheus 2#9114 (894781316564938763) ran the command kingBob in Central Dos Soldados  (869308360804155433) - 8/16/2022, 12:51:26 PM
matheus 2#9114 (894781316564938763) ran the command kingBob in Central Dos Soldados  (869308360804155433) - 8/16/2022, 12:51:46 PM
S贸Matheus#5879 (694949148956426348) ran the command tSleep in Central Dos Soldados  (869308360804155433) - 8/16/2022, 6:42:34 PM
S贸Matheus#5879 (694949148956426348) ran the command tSleep in Central Dos Soldados  (869308360804155433) - 8/16/2022, 6:43:12 PM
S贸Matheus#5879 (694949148956426348) ran the command kingBob in Central Dos Soldados  (869308360804155433) - 8/16/2022, 6:44:24 PM
S贸Matheus#5879 (694949148956426348) ran the command kingBob in Central Dos Soldados  (869308360804155433) - 8/16/2022, 6:46:53 PM
S贸Matheus#5879 (694949148956426348) ran the command kingBob in Central Dos Soldados  (869308360804155433) - 8/16/2022, 7:10:24 PM
S贸Matheus#5879 (694949148956426348) ran the command ping in Central Dos Soldados  (869308360804155433) - 8/16/2022, 7:11:52 PM
S贸Matheus#5879 (694949148956426348) ran the command ping in Central Dos Soldados  (869308360804155433) - 8/16/2022, 7:12:56 PM
S贸Matheus#5879 (694949148956426348) ran the command ping in Central Dos Soldados  (869308360804155433) - 8/16/2022, 7:13:00 PM
S贸Matheus#5879 (694949148956426348) ran the command ping in Central Dos Soldados  (869308360804155433) - 8/16/2022, 7:19:22 PM
S贸Matheus#5879 (694949148956426348) ran the command ping in Central Dos Soldados  (869308360804155433) - 8/16/2022, 7:21:21 PM
S贸Matheus#5879 (694949148956426348) ran the command ping in Central Dos Soldados  (869308360804155433) - 8/16/2022, 7:21:24 PM
S贸Matheus#5879 (694949148956426348) ran the command ping in Central Dos Soldados  (869308360804155433) - 8/16/2022, 7:21:31 PM
S贸Matheus#5879 (694949148956426348) ran the command ping in Central Dos Soldados  (869308360804155433) - 8/16/2022, 7:22:34 PM
S贸Matheus#5879 (694949148956426348) ran the command ping in Central Dos Soldados  (869308360804155433) - 8/16/2022, 7:22:36 PM
S贸Matheus#5879 (694949148956426348) ran the command ping in Central Dos Soldados  (869308360804155433) - 8/16/2022, 7:24:22 PM
S贸Matheus#5879 (694949148956426348) ran the command kingBob in Central Dos Soldados  (869308360804155433) - 8/16/2022, 7:24:26 PM
S贸Matheus#5879 (694949148956426348) ran the command kingBob in Central Dos Soldados  (869308360804155433) - 8/16/2022, 7:24:34 PM
S贸Matheus#5879 (694949148956426348) ran the command kingBob in Central Dos Soldados  (869308360804155433) - 8/16/2022, 7:24:48 PM
S贸Matheus#5879 (694949148956426348) ran the command kingBob in Central Dos Soldados  (869308360804155433) - 8/16/2022, 7:24:53 PM
S贸Matheus#5879 (694949148956426348) ran the command creeper in Central Dos Soldados  (869308360804155433) - 8/16/2022, 7:36:44 PM
S贸Matheus#5879 (694949148956426348) ran the command creeper in Central Dos Soldados  (869308360804155433) - 8/16/2022, 7:37:18 PM
S贸Matheus#5879 (694949148956426348) ran the command creeper in Central Dos Soldados  (869308360804155433) - 8/16/2022, 7:37:22 PM
S贸Matheus#5879 (694949148956426348) ran the command creeper in Central Dos Soldados  (869308360804155433) - 8/16/2022, 7:38:06 PM
S贸Matheus#5879 (694949148956426348) ran the command creeper in Central Dos Soldados  (869308360804155433) - 8/16/2022, 7:38:25 PM
S贸Matheus#5879 (694949148956426348) ran the command creeper in Central Dos Soldados  (869308360804155433) - 8/16/2022, 7:38:49 PM
S贸Matheus#5879 (694949148956426348) ran the command creeper in Central Dos Soldados  (869308360804155433) - 8/16/2022, 7:39:09 PM
S贸Matheus#5879 (694949148956426348) ran the command creeper in Central Dos Soldados  (869308360804155433) - 8/16/2022, 7:43:51 PM
S贸Matheus#5879 (694949148956426348) ran the command creeper in Central Dos Soldados  (869308360804155433) - 8/16/2022, 7:45:10 PM
